<?xml version="1.0" encoding="UTF-8"?>
<robot generator="Robot 6.1 (Python 3.11.4 on win32)" generated="20230817 17:35:36.439" rpa="false" schemaversion="4">
<suite id="s1" name="Panelscout Robotframework" source="C:\Users\cmilm\OneDrive\Dokumenty\GitHub\panelscout_robotframework">
<suite id="s1-s1" name="Test Login Rf" source="C:\Users\cmilm\OneDrive\Dokumenty\GitHub\panelscout_robotframework\test_login_rf.robot">
<test id="s1-s1-t1" name="Login to the system" line="17">
<kw name="Open login page">
<kw name="Open Browser" library="SeleniumLibrary">
<arg>${LOGIN URL}</arg>
<arg>${BROWSER}</arg>
<doc>Opens a new browser instance to the optional ``url``.</doc>
<msg timestamp="20230817 17:35:36.643" level="INFO">Opening browser 'Chrome' to base url 'https://dareit.futbolkolektyw.pl/en'.</msg>
<msg timestamp="20230817 17:35:36.643" level="INFO">Applicable driver not found; attempting to install with Selenium Manager (Beta)</msg>
<msg timestamp="20230817 17:35:39.956" level="INFO">Cannot capture screenshot because no browser is open.</msg>
<msg timestamp="20230817 17:35:39.956" level="FAIL">SessionNotCreatedException: Message: session not created: This version of ChromeDriver only supports Chrome version 114
Current browser version is 116.0.5845.97 with binary path C:\Program Files\Google\Chrome\Application\chrome.exe
Stacktrace:
Backtrace:
	GetHandleVerifier [0x0118A813+48355]
	(No symbol) [0x0111C4B1]
	(No symbol) [0x01025358]
	(No symbol) [0x010461AC]
	(No symbol) [0x01041EF3]
	(No symbol) [0x01040579]
	(No symbol) [0x01070C55]
	(No symbol) [0x0107093C]
	(No symbol) [0x0106A536]
	(No symbol) [0x010482DC]
	(No symbol) [0x010493DD]
	GetHandleVerifier [0x013EAABD+2539405]
	GetHandleVerifier [0x0142A78F+2800735]
	GetHandleVerifier [0x0142456C+2775612]
	GetHandleVerifier [0x012151E0+616112]
	(No symbol) [0x01125F8C]
	(No symbol) [0x01122328]
	(No symbol) [0x0112240B]
	(No symbol) [0x01114FF7]
	BaseThreadInitThunk [0x761E7D59+25]
	RtlInitializeExceptionChain [0x7714B79B+107]
	RtlClearBits [0x7714B71F+191]
</msg>
<status status="FAIL" starttime="20230817 17:35:36.643" endtime="20230817 17:35:39.958"/>
</kw>
<kw name="Title Should Be" library="SeleniumLibrary">
<arg>Scouts panel - sign in</arg>
<doc>Verifies that the current page title equals ``title``.</doc>
<status status="NOT RUN" starttime="20230817 17:35:39.958" endtime="20230817 17:35:39.958"/>
</kw>
<status status="FAIL" starttime="20230817 17:35:36.643" endtime="20230817 17:35:39.958"/>
</kw>
<kw name="Type in email">
<status status="NOT RUN" starttime="20230817 17:35:39.958" endtime="20230817 17:35:39.958"/>
</kw>
<kw name="Type in password">
<status status="NOT RUN" starttime="20230817 17:35:39.958" endtime="20230817 17:35:39.958"/>
</kw>
<kw name="Click on the Submit button">
<status status="NOT RUN" starttime="20230817 17:35:39.958" endtime="20230817 17:35:39.958"/>
</kw>
<kw name="Close Browser" library="SeleniumLibrary" type="TEARDOWN">
<doc>Closes the current browser.</doc>
<status status="PASS" starttime="20230817 17:35:39.958" endtime="20230817 17:35:39.958"/>
</kw>
<status status="FAIL" starttime="20230817 17:35:36.643" endtime="20230817 17:35:39.958">SessionNotCreatedException: Message: session not created: This version of ChromeDriver only supports Chrome version 114
Current browser version is 116.0.5845.97 with binary path C:\Program Files\Google\Chrome\Application\chrome.exe
Stacktrace:
Backtrace:
	GetHandleVerifier [0x0118A813+48355]
	(No symbol) [0x0111C4B1]
	(No symbol) [0x01025358]
	(No symbol) [0x010461AC]
	(No symbol) [0x01041EF3]
	(No symbol) [0x01040579]
	(No symbol) [0x01070C55]
	(No symbol) [0x0107093C]
	(No symbol) [0x0106A536]
	(No symbol) [0x010482DC]
	(No symbol) [0x010493DD]
	GetHandleVerifier [0x013EAABD+2539405]
	GetHandleVerifier [0x0142A78F+2800735]
	GetHandleVerifier [0x0142456C+2775612]
	GetHandleVerifier [0x012151E0+616112]
	(No symbol) [0x01125F8C]
	(No symbol) [0x01122328]
	(No symbol) [0x0112240B]
	(No symbol) [0x01114FF7]
	BaseThreadInitThunk [0x761E7D59+25]
	RtlInitializeExceptionChain [0x7714B79B+107]
	RtlClearBits [0x7714B71F+191]
</status>
</test>
<doc>Suite description #automated tests for scout website</doc>
<status status="FAIL" starttime="20230817 17:35:36.455" endtime="20230817 17:35:39.958"/>
</suite>
<status status="FAIL" starttime="20230817 17:35:36.439" endtime="20230817 17:35:39.958"/>
</suite>
<statistics>
<total>
<stat pass="0" fail="1" skip="0">All Tests</stat>
</total>
<tag>
</tag>
<suite>
<stat pass="0" fail="1" skip="0" id="s1" name="Panelscout Robotframework">Panelscout Robotframework</stat>
<stat pass="0" fail="1" skip="0" id="s1-s1" name="Test Login Rf">Panelscout Robotframework.Test Login Rf</stat>
</suite>
</statistics>
<errors>
<msg timestamp="20230817 17:35:36.439" level="ERROR">Error in file 'C:\Users\cmilm\OneDrive\Dokumenty\GitHub\panelscout_robotframework\test_login_rf.robot' on line 4: Non-existing setting 'Library SeleniumLibrary'.</msg>
</errors>
</robot>
